<?xml version="1.0" encoding="UTF-8"?>
<testsuite xmlns:xsi="http://www.w3.org/2001/XMLSchema-instance" xsi:noNamespaceSchemaLocation="https://maven.apache.org/surefire/maven-surefire-plugin/xsd/surefire-test-report-3.0.xsd" version="3.0" name="com.mdm.PomEditorIntegrationTest" time="0.121" tests="2" errors="0" skipped="0" failures="0">
  <properties>
[...]
</properties>
  <testcase name="testAddDependencyToNoDependenciesBlock" classname="com.mdm.PomEditorIntegrationTest" time="0.092"/>
  <testcase name="testAddDependencyToExistingBlock" classname="com.mdm.PomEditorIntegrationTest" time="0.009">
    <system-out><![CDATA[Modified POM:
<project>
    <!-- Some comment that must survive -->
    <dependencies>
        <dependency>
            <groupId>old</groupId>
            <artifactId>lib</artifactId>
        </dependency>
    
        <dependency>
                <groupId>com.test</groupId>
                <artifactId>new-lib</artifactId>
                <version>1.0.0</version>
        </dependency>
    </dependencies>
</project>
]]></system-out>
  </testcase>
</testsuite>